

#############################################################################

n_qubits and features:  16
num bands:  3 bands:  [3, 2, 1]
classes:  ['River', 'SeaLake']
kernel type:  fidelity
ZZ repetitions:  1
ent_type:  linear
compute entropy: False
mps simulation:  True
compress_method:  small
percentage_train 0.5
train:  (2200, 16)
validation:  (825, 16)
matrix_product_state CPU
74.77828812599182 sec to evaluate kernels
tot time:  171.35432934761047 sec 

Precomputed kernel classification test score: 0.9381818181818182

Accuracy per class: [0.952      0.92666667] Mean Accuracy: 0.9393333333333334
              precision    recall  f1-score   support

           0     0.9154    0.9520    0.9333       375
           1     0.9586    0.9267    0.9424       450

    accuracy                         0.9382       825
   macro avg     0.9370    0.9393    0.9379       825
weighted avg     0.9390    0.9382    0.9383       825

Results write sucessfully to ../../../Data/aditucci/Output_percentage_data/small/fidelity/N_16/


#############################################################################

n_qubits and features:  16
num bands:  3 bands:  [3, 2, 1]
classes:  ['River', 'SeaLake']
kernel type:  fidelity
ZZ repetitions:  1
ent_type:  linear
compute entropy: False
mps simulation:  True
compress_method:  small
percentage_train 0.5
train:  (2200, 16)
validation:  (825, 16)
matrix_product_state CPU
74.51318359375 sec to evaluate kernels
tot time:  172.01389741897583 sec 

Precomputed kernel classification test score: 0.9381818181818182

Accuracy per class: [0.952      0.92666667] Mean Accuracy: 0.9393333333333334
              precision    recall  f1-score   support

           0     0.9154    0.9520    0.9333       375
           1     0.9586    0.9267    0.9424       450

    accuracy                         0.9382       825
   macro avg     0.9370    0.9393    0.9379       825
weighted avg     0.9390    0.9382    0.9383       825

Results write sucessfully to ../../../Data/aditucci/Output_percentage_data/small/fidelity/N_16/
