

#############################################################################

n_qubits and features:  8
num bands:  3 bands:  [3, 2, 1]
classes:  ['River', 'SeaLake']
kernel type:  fidelity
ZZ repetitions:  1
ent_type:  linear
compute entropy: False
mps simulation:  True
compress_method:  small
percentage_train 0.5
train:  (2200, 8)
validation:  (825, 8)
matrix_product_state CPU
40.83463716506958 sec to evaluate kernels
tot time:  95.1496729850769 sec 

Precomputed kernel classification test score: 0.833939393939394

Accuracy per class: [0.808      0.85555556] Mean Accuracy: 0.8317777777777777
              precision    recall  f1-score   support

           0     0.8234    0.8080    0.8156       375
           1     0.8425    0.8556    0.8490       450

    accuracy                         0.8339       825
   macro avg     0.8329    0.8318    0.8323       825
weighted avg     0.8338    0.8339    0.8338       825

Results write sucessfully to ../../../Data/aditucci/Output_percentage_data/small/fidelity/N_8/


#############################################################################

n_qubits and features:  8
num bands:  3 bands:  [3, 2, 1]
classes:  ['River', 'SeaLake']
kernel type:  fidelity
ZZ repetitions:  1
ent_type:  linear
compute entropy: False
mps simulation:  True
compress_method:  small
percentage_train 0.5
train:  (2200, 8)
validation:  (825, 8)
matrix_product_state CPU
41.00128746032715 sec to evaluate kernels
tot time:  96.33034181594849 sec 

Precomputed kernel classification test score: 0.833939393939394

Accuracy per class: [0.808      0.85555556] Mean Accuracy: 0.8317777777777777
              precision    recall  f1-score   support

           0     0.8234    0.8080    0.8156       375
           1     0.8425    0.8556    0.8490       450

    accuracy                         0.8339       825
   macro avg     0.8329    0.8318    0.8323       825
weighted avg     0.8338    0.8339    0.8338       825

Results write sucessfully to ../../../Data/aditucci/Output_percentage_data/small/fidelity/N_8/
