

#############################################################################

n_qubits and features:  16
num bands:  3 bands:  [3, 2, 1]
classes:  ['River', 'SeaLake']
kernel type:  fidelity
ZZ repetitions:  1
ent_type:  linear
compute entropy: False
mps simulation:  True
compress_method:  small
percentage_train 0.3
train:  (1320, 16)
validation:  (825, 16)
matrix_product_state CPU
44.755658864974976 sec to evaluate kernels
tot time:  113.56921100616455 sec 

Precomputed kernel classification test score: 0.9284848484848485

Accuracy per class: [0.96266667 0.9       ] Mean Accuracy: 0.9313333333333333
              precision    recall  f1-score   support

           0     0.8892    0.9627    0.9245       375
           1     0.9666    0.9000    0.9321       450

    accuracy                         0.9285       825
   macro avg     0.9279    0.9313    0.9283       825
weighted avg     0.9314    0.9285    0.9286       825

Results write sucessfully to ../../../Data/aditucci/Output_percentage_data/small/fidelity/N_16/


#############################################################################

n_qubits and features:  16
num bands:  3 bands:  [3, 2, 1]
classes:  ['River', 'SeaLake']
kernel type:  fidelity
ZZ repetitions:  1
ent_type:  linear
compute entropy: False
mps simulation:  True
compress_method:  small
percentage_train 0.3
train:  (1320, 16)
validation:  (825, 16)
matrix_product_state CPU
44.18227171897888 sec to evaluate kernels
tot time:  113.2163233757019 sec 

Precomputed kernel classification test score: 0.9284848484848485

Accuracy per class: [0.96266667 0.9       ] Mean Accuracy: 0.9313333333333333
              precision    recall  f1-score   support

           0     0.8892    0.9627    0.9245       375
           1     0.9666    0.9000    0.9321       450

    accuracy                         0.9285       825
   macro avg     0.9279    0.9313    0.9283       825
weighted avg     0.9314    0.9285    0.9286       825

Results write sucessfully to ../../../Data/aditucci/Output_percentage_data/small/fidelity/N_16/
