

#############################################################################

n_qubits and features:  4
num bands:  3 bands:  [3, 2, 1]
classes:  ['River', 'SeaLake']
kernel type:  fidelity
ZZ repetitions:  2
ent_type:  linear
compute entropy: False
mps simulation:  True
compress_method:  small
percentage_train 0.5
train:  (2200, 4)
validation:  (825, 4)
matrix_product_state CPU
40.37523555755615 sec to evaluate kernels
tot time:  94.37535047531128 sec 

Precomputed kernel classification test score: 0.7648484848484849

Accuracy per class: [0.75466667 0.77333333] Mean Accuracy: 0.764
              precision    recall  f1-score   support

           0     0.7351    0.7547    0.7447       375
           1     0.7909    0.7733    0.7820       450

    accuracy                         0.7648       825
   macro avg     0.7630    0.7640    0.7634       825
weighted avg     0.7655    0.7648    0.7651       825

Results write sucessfully to ../../../Data/aditucci/Output_percentage_data/small/fidelity/N_4/
