

#############################################################################

n_qubits and features:  12
num bands:  3 bands:  [3, 2, 1]
classes:  ['River', 'SeaLake']
kernel type:  fidelity
ZZ repetitions:  2
ent_type:  linear
compute entropy: False
mps simulation:  True
compress_method:  small
percentage_train 0.1
train:  (440, 12)
validation:  (825, 12)
matrix_product_state CPU
11.280247449874878 sec to evaluate kernels
tot time:  40.5084662437439 sec 

Precomputed kernel classification test score: 0.8666666666666667

Accuracy per class: [0.872      0.86222222] Mean Accuracy: 0.8671111111111112
              precision    recall  f1-score   support

           0     0.8406    0.8720    0.8560       375
           1     0.8899    0.8622    0.8758       450

    accuracy                         0.8667       825
   macro avg     0.8653    0.8671    0.8659       825
weighted avg     0.8675    0.8667    0.8668       825

Results write sucessfully to ../../../Data/aditucci/Output_percentage_data/small/fidelity/N_12/
