

#############################################################################

n_qubits and features:  12
num bands:  3 bands:  [3, 2, 1]
classes:  ['River', 'SeaLake']
kernel type:  fidelity
ZZ repetitions:  1
ent_type:  linear
compute entropy: False
mps simulation:  True
compress_method:  small
percentage_train 0.5
train:  (2200, 12)
validation:  (825, 12)
matrix_product_state CPU
45.91834378242493 sec to evaluate kernels
tot time:  107.21436524391174 sec 

Precomputed kernel classification test score: 0.8836363636363637

Accuracy per class: [0.86133333 0.90222222] Mean Accuracy: 0.8817777777777778
              precision    recall  f1-score   support

           0     0.8801    0.8613    0.8706       375
           1     0.8865    0.9022    0.8943       450

    accuracy                         0.8836       825
   macro avg     0.8833    0.8818    0.8824       825
weighted avg     0.8836    0.8836    0.8835       825

Results write sucessfully to ../../../Data/aditucci/Output_percentage_data/small/fidelity/N_12/


#############################################################################

n_qubits and features:  12
num bands:  3 bands:  [3, 2, 1]
classes:  ['River', 'SeaLake']
kernel type:  fidelity
ZZ repetitions:  1
ent_type:  linear
compute entropy: False
mps simulation:  True
compress_method:  small
percentage_train 0.5
train:  (2200, 12)
validation:  (825, 12)
matrix_product_state CPU
44.7265567779541 sec to evaluate kernels
tot time:  104.98733115196228 sec 

Precomputed kernel classification test score: 0.8836363636363637

Accuracy per class: [0.86133333 0.90222222] Mean Accuracy: 0.8817777777777778
              precision    recall  f1-score   support

           0     0.8801    0.8613    0.8706       375
           1     0.8865    0.9022    0.8943       450

    accuracy                         0.8836       825
   macro avg     0.8833    0.8818    0.8824       825
weighted avg     0.8836    0.8836    0.8835       825

Results write sucessfully to ../../../Data/aditucci/Output_percentage_data/small/fidelity/N_12/
