

#############################################################################

n_qubits and features:  12
num bands:  3 bands:  [3, 2, 1]
classes:  ['River', 'SeaLake']
kernel type:  fidelity
ZZ repetitions:  1
ent_type:  linear
compute entropy: False
mps simulation:  True
compress_method:  small
percentage_train 0.05
train:  (220, 12)
validation:  (825, 12)
matrix_product_state CPU
5.694789171218872 sec to evaluate kernels
tot time:  26.450119018554688 sec 

Precomputed kernel classification test score: 0.8557575757575757

Accuracy per class: [0.85333333 0.85777778] Mean Accuracy: 0.8555555555555556
              precision    recall  f1-score   support

           0     0.8333    0.8533    0.8432       375
           1     0.8753    0.8578    0.8664       450

    accuracy                         0.8558       825
   macro avg     0.8543    0.8556    0.8548       825
weighted avg     0.8562    0.8558    0.8559       825

Results write sucessfully to ../../../Data/aditucci/Output_data_old/small/fidelity/N_12/


#############################################################################

n_qubits and features:  12
num bands:  3 bands:  [3, 2, 1]
classes:  ['River', 'SeaLake']
kernel type:  fidelity
ZZ repetitions:  1
ent_type:  linear
compute entropy: False
mps simulation:  True
compress_method:  small
percentage_train 0.05
train:  (220, 12)
validation:  (825, 12)
matrix_product_state CPU
6.731290102005005 sec to evaluate kernels
tot time:  28.195797443389893 sec 

Precomputed kernel classification test score: 0.8557575757575757

Accuracy per class: [0.85333333 0.85777778] Mean Accuracy: 0.8555555555555556
              precision    recall  f1-score   support

           0     0.8333    0.8533    0.8432       375
           1     0.8753    0.8578    0.8664       450

    accuracy                         0.8558       825
   macro avg     0.8543    0.8556    0.8548       825
weighted avg     0.8562    0.8558    0.8559       825

Results write sucessfully to ../../../Data/aditucci/Output_percentage_data/small/fidelity/N_12/


#############################################################################

n_qubits and features:  12
num bands:  3 bands:  [3, 2, 1]
classes:  ['River', 'SeaLake']
kernel type:  fidelity
ZZ repetitions:  1
ent_type:  linear
compute entropy: False
mps simulation:  True
compress_method:  small
percentage_train 0.05
train:  (220, 12)
validation:  (825, 12)
matrix_product_state CPU
5.698206663131714 sec to evaluate kernels
tot time:  26.68477988243103 sec 

Precomputed kernel classification test score: 0.8557575757575757

Accuracy per class: [0.85333333 0.85777778] Mean Accuracy: 0.8555555555555556
              precision    recall  f1-score   support

           0     0.8333    0.8533    0.8432       375
           1     0.8753    0.8578    0.8664       450

    accuracy                         0.8558       825
   macro avg     0.8543    0.8556    0.8548       825
weighted avg     0.8562    0.8558    0.8559       825

Results write sucessfully to ../../../Data/aditucci/Output_percentage_data/small/fidelity/N_12/
