

#############################################################################

n_qubits and features:  16
num bands:  3 bands:  [3, 2, 1]
classes:  ['River', 'SeaLake']
kernel type:  fidelity
ZZ repetitions:  2
ent_type:  linear
compute entropy: False
mps simulation:  True
compress_method:  small
percentage_train 1.0
train:  (4400, 16)
validation:  (825, 16)
matrix_product_state CPU
174.86269330978394 sec to evaluate kernels
tot time:  368.1398649215698 sec 

Precomputed kernel classification test score: 0.9381818181818182

Accuracy per class: [0.96 0.92] Mean Accuracy: 0.94
              precision    recall  f1-score   support

           0     0.9091    0.9600    0.9339       375
           1     0.9650    0.9200    0.9420       450

    accuracy                         0.9382       825
   macro avg     0.9371    0.9400    0.9379       825
weighted avg     0.9396    0.9382    0.9383       825

Results write sucessfully to ../../../Data/aditucci/Output_percentage_data/small/fidelity/N_16/
