

#############################################################################

n_qubits and features:  12
num bands:  3 bands:  [3, 2, 1]
classes:  ['River', 'SeaLake']
kernel type:  fidelity
ZZ repetitions:  1
ent_type:  full
compute entropy: False
mps simulation:  True
compress_method:  small
percentage_train 0.05
train:  (220, 12)
validation:  (825, 12)
matrix_product_state CPU
10.62205719947815 sec to evaluate kernels
tot time:  54.83277940750122 sec 

Precomputed kernel classification test score: 0.8751515151515151

Accuracy per class: [0.832      0.91111111] Mean Accuracy: 0.8715555555555555
              precision    recall  f1-score   support

           0     0.8864    0.8320    0.8583       375
           1     0.8668    0.9111    0.8884       450

    accuracy                         0.8752       825
   macro avg     0.8766    0.8716    0.8734       825
weighted avg     0.8757    0.8752    0.8747       825

Results write sucessfully to ../../../Data/aditucci/Output_percentage_data/small/fidelity/N_12/
