

#############################################################################

n_qubits and features:  8
num bands:  3 bands:  [3, 2, 1]
classes:  ['River', 'SeaLake']
kernel type:  fidelity
ZZ repetitions:  2
ent_type:  linear
compute entropy: False
mps simulation:  True
compress_method:  small
percentage_train 0.05
train:  (220, 8)
validation:  (825, 8)
matrix_product_state CPU
5.937677621841431 sec to evaluate kernels
tot time:  27.705767154693604 sec 

Precomputed kernel classification test score: 0.730909090909091

Accuracy per class: [0.68533333 0.76888889] Mean Accuracy: 0.727111111111111
              precision    recall  f1-score   support

           0     0.7119    0.6853    0.6984       375
           1     0.7457    0.7689    0.7571       450

    accuracy                         0.7309       825
   macro avg     0.7288    0.7271    0.7277       825
weighted avg     0.7303    0.7309    0.7304       825

Results write sucessfully to ../../../Data/aditucci/Output_percentage_data/small/fidelity/N_8/
