

#############################################################################

n_qubits and features:  12
num bands:  3 bands:  [3, 2, 1]
classes:  ['River', 'SeaLake']
kernel type:  fidelity
ZZ repetitions:  2
ent_type:  linear
compute entropy: False
mps simulation:  True
compress_method:  small
percentage_train 0.3
train:  (1320, 12)
validation:  (825, 12)
matrix_product_state CPU
31.465737342834473 sec to evaluate kernels
tot time:  82.28795146942139 sec 

Precomputed kernel classification test score: 0.8860606060606061

Accuracy per class: [0.86933333 0.9       ] Mean Accuracy: 0.8846666666666667
              precision    recall  f1-score   support

           0     0.8787    0.8693    0.8740       375
           1     0.8921    0.9000    0.8960       450

    accuracy                         0.8861       825
   macro avg     0.8854    0.8847    0.8850       825
weighted avg     0.8860    0.8861    0.8860       825

Results write sucessfully to ../../../Data/aditucci/Output_percentage_data/small/fidelity/N_12/
