

#############################################################################

n_qubits and features:  8
num bands:  3 bands:  [3, 2, 1]
classes:  ['River', 'SeaLake']
kernel type:  fidelity
ZZ repetitions:  1
ent_type:  linear
compute entropy: False
mps simulation:  True
compress_method:  small
percentage_train 0.7
train:  (3080, 8)
validation:  (825, 8)
matrix_product_state CPU
57.51718068122864 sec to evaluate kernels
tot time:  128.56606030464172 sec 

Precomputed kernel classification test score: 0.8242424242424242

Accuracy per class: [0.78133333 0.86      ] Mean Accuracy: 0.8206666666666667
              precision    recall  f1-score   support

           0     0.8230    0.7813    0.8016       375
           1     0.8252    0.8600    0.8422       450

    accuracy                         0.8242       825
   macro avg     0.8241    0.8207    0.8219       825
weighted avg     0.8242    0.8242    0.8238       825

Results write sucessfully to ../../../Data/aditucci/Output_percentage_data/small/fidelity/N_8/


#############################################################################

n_qubits and features:  8
num bands:  3 bands:  [3, 2, 1]
classes:  ['River', 'SeaLake']
kernel type:  fidelity
ZZ repetitions:  1
ent_type:  linear
compute entropy: False
mps simulation:  True
compress_method:  small
percentage_train 0.7
train:  (3080, 8)
validation:  (825, 8)
matrix_product_state CPU
58.09133720397949 sec to evaluate kernels
tot time:  130.2898464202881 sec 

Precomputed kernel classification test score: 0.8242424242424242

Accuracy per class: [0.78133333 0.86      ] Mean Accuracy: 0.8206666666666667
              precision    recall  f1-score   support

           0     0.8230    0.7813    0.8016       375
           1     0.8252    0.8600    0.8422       450

    accuracy                         0.8242       825
   macro avg     0.8241    0.8207    0.8219       825
weighted avg     0.8242    0.8242    0.8238       825

Results write sucessfully to ../../../Data/aditucci/Output_percentage_data/small/fidelity/N_8/
