

#############################################################################

n_qubits and features:  4
num bands:  3 bands:  [3, 2, 1]
classes:  ['River', 'SeaLake']
kernel type:  fidelity
ZZ repetitions:  1
ent_type:  linear
compute entropy: False
mps simulation:  True
compress_method:  small
percentage_train 0.3
train:  (1320, 4)
validation:  (825, 4)
matrix_product_state CPU
23.042377710342407 sec to evaluate kernels
tot time:  58.394797563552856 sec 

Precomputed kernel classification test score: 0.7733333333333333

Accuracy per class: [0.752      0.79111111] Mean Accuracy: 0.7715555555555556
              precision    recall  f1-score   support

           0     0.7500    0.7520    0.7510       375
           1     0.7929    0.7911    0.7920       450

    accuracy                         0.7733       825
   macro avg     0.7714    0.7716    0.7715       825
weighted avg     0.7734    0.7733    0.7734       825

Results write sucessfully to ../../../Data/aditucci/Output_percentage_data/small/fidelity/N_4/


#############################################################################

n_qubits and features:  4
num bands:  3 bands:  [3, 2, 1]
classes:  ['River', 'SeaLake']
kernel type:  fidelity
ZZ repetitions:  1
ent_type:  linear
compute entropy: False
mps simulation:  True
compress_method:  small
percentage_train 0.3
train:  (1320, 4)
validation:  (825, 4)
matrix_product_state CPU
23.197076082229614 sec to evaluate kernels
tot time:  59.085463762283325 sec 

Precomputed kernel classification test score: 0.7733333333333333

Accuracy per class: [0.752      0.79111111] Mean Accuracy: 0.7715555555555556
              precision    recall  f1-score   support

           0     0.7500    0.7520    0.7510       375
           1     0.7929    0.7911    0.7920       450

    accuracy                         0.7733       825
   macro avg     0.7714    0.7716    0.7715       825
weighted avg     0.7734    0.7733    0.7734       825

Results write sucessfully to ../../../Data/aditucci/Output_percentage_data/small/fidelity/N_4/
