

#############################################################################

n_qubits and features:  16
num bands:  3 bands:  [3, 2, 1]
classes:  ['River', 'SeaLake']
kernel type:  fidelity
ZZ repetitions:  1
ent_type:  linear
compute entropy: False
mps simulation:  True
compress_method:  small
percentage_train 0.1
train:  (440, 16)
validation:  (825, 16)
matrix_product_state CPU
15.265843152999878 sec to evaluate kernels
tot time:  55.95910429954529 sec 

Precomputed kernel classification test score: 0.9042424242424243

Accuracy per class: [0.95466667 0.86222222] Mean Accuracy: 0.9084444444444444
              precision    recall  f1-score   support

           0     0.8524    0.9547    0.9006       375
           1     0.9580    0.8622    0.9076       450

    accuracy                         0.9042       825
   macro avg     0.9052    0.9084    0.9041       825
weighted avg     0.9100    0.9042    0.9044       825

Results write sucessfully to ../../../Data/aditucci/Output_percentage_data/small/fidelity/N_16/


#############################################################################

n_qubits and features:  16
num bands:  3 bands:  [3, 2, 1]
classes:  ['River', 'SeaLake']
kernel type:  fidelity
ZZ repetitions:  1
ent_type:  linear
compute entropy: False
mps simulation:  True
compress_method:  small
percentage_train 0.1
train:  (440, 16)
validation:  (825, 16)
matrix_product_state CPU
15.191364765167236 sec to evaluate kernels
tot time:  55.06918716430664 sec 

Precomputed kernel classification test score: 0.9042424242424243

Accuracy per class: [0.95466667 0.86222222] Mean Accuracy: 0.9084444444444444
              precision    recall  f1-score   support

           0     0.8524    0.9547    0.9006       375
           1     0.9580    0.8622    0.9076       450

    accuracy                         0.9042       825
   macro avg     0.9052    0.9084    0.9041       825
weighted avg     0.9100    0.9042    0.9044       825

Results write sucessfully to ../../../Data/aditucci/Output_percentage_data/small/fidelity/N_16/
