

#############################################################################

n_qubits and features:  12
num bands:  3 bands:  [3, 2, 1]
classes:  ['River', 'SeaLake']
kernel type:  fidelity
ZZ repetitions:  2
ent_type:  linear
compute entropy: False
mps simulation:  True
compress_method:  small
percentage_train 0.7
train:  (3080, 12)
validation:  (825, 12)
matrix_product_state CPU
73.48871183395386 sec to evaluate kernels
tot time:  163.86899733543396 sec 

Precomputed kernel classification test score: 0.8981818181818182

Accuracy per class: [0.88533333 0.90888889] Mean Accuracy: 0.8971111111111111
              precision    recall  f1-score   support

           0     0.8901    0.8853    0.8877       375
           1     0.9049    0.9089    0.9069       450

    accuracy                         0.8982       825
   macro avg     0.8975    0.8971    0.8973       825
weighted avg     0.8981    0.8982    0.8982       825

Results write sucessfully to ../../../Data/aditucci/Output_percentage_data/small/fidelity/N_12/
