

#############################################################################

n_qubits and features:  8
num bands:  3 bands:  [3, 2, 1]
classes:  ['River', 'SeaLake']
kernel type:  fidelity
ZZ repetitions:  2
ent_type:  linear
compute entropy: False
mps simulation:  True
compress_method:  small
percentage_train 0.3
train:  (1320, 8)
validation:  (825, 8)
matrix_product_state CPU
28.27645707130432 sec to evaluate kernels
tot time:  72.5904483795166 sec 

Precomputed kernel classification test score: 0.8315151515151515

Accuracy per class: [0.808      0.85111111] Mean Accuracy: 0.8295555555555556
              precision    recall  f1-score   support

           0     0.8189    0.8080    0.8134       375
           1     0.8418    0.8511    0.8464       450

    accuracy                         0.8315       825
   macro avg     0.8303    0.8296    0.8299       825
weighted avg     0.8314    0.8315    0.8314       825

Results write sucessfully to ../../../Data/aditucci/Output_percentage_data/small/fidelity/N_8/
