

#############################################################################

n_qubits and features:  12
num bands:  3 bands:  [3, 2, 1]
classes:  ['River', 'SeaLake']
kernel type:  fidelity
ZZ repetitions:  2
ent_type:  full
compute entropy: False
mps simulation:  True
compress_method:  small
percentage_train 0.05
train:  (220, 12)
validation:  (825, 12)
matrix_product_state CPU
30.56303596496582 sec to evaluate kernels
tot time:  168.62626838684082 sec 

Precomputed kernel classification test score: 0.8254545454545454

Accuracy per class: [0.82933333 0.82222222] Mean Accuracy: 0.8257777777777777
              precision    recall  f1-score   support

           0     0.7954    0.8293    0.8120       375
           1     0.8525    0.8222    0.8371       450

    accuracy                         0.8255       825
   macro avg     0.8240    0.8258    0.8246       825
weighted avg     0.8266    0.8255    0.8257       825

Results write sucessfully to ../../../Data/aditucci/Output_percentage_data/small/fidelity/N_12/
