

#############################################################################

n_qubits and features:  16
num bands:  3 bands:  [3, 2, 1]
classes:  ['River', 'SeaLake']
kernel type:  fidelity
ZZ repetitions:  2
ent_type:  full
compute entropy: False
mps simulation:  True
compress_method:  small
percentage_train 0.01
train:  (44, 16)
validation:  (825, 16)
matrix_product_state CPU
463.7501492500305 sec to evaluate kernels
Traceback (most recent call last):
  File "/home/aditucci/QC4EO_classification/run_qkernels_parallel_percentage.py", line 159, in <module>
    main()
  File "/home/aditucci/QC4EO_classification/run_qkernels_parallel_percentage.py", line 134, in main
    independent_entries, gram_matrix_test, score, score_train, confusion = fidelity_kernels_batch(train_features, train_labels, val_features, val_labels, ZZ_reps, ent_type, method, device)
  File "/home/aditucci/QC4EO_classification/kernel_functions.py", line 771, in fidelity_kernels_batch
    gram_matrix_test =  get_kernel_entries_frombatch_test(train_features, test_features, ZZ_reps, ent_type, method, device)
  File "/home/aditucci/QC4EO_classification/kernel_functions.py", line 848, in get_kernel_entries_frombatch_test
    Y_states = compute_all_states_batched(Y, ZZ_reps, ent_type, method, device, n_jobs, batch_size)
  File "/home/aditucci/QC4EO_classification/kernel_functions.py", line 831, in compute_all_states_batched
    batch_states = Parallel(n_jobs=n_jobs)(
  File "/home/aditucci/anaconda3/envs/env/lib/python3.10/site-packages/joblib/parallel.py", line 2007, in __call__
    return output if self.return_generator else list(output)
  File "/home/aditucci/anaconda3/envs/env/lib/python3.10/site-packages/joblib/parallel.py", line 1650, in _get_outputs
    yield from self._retrieve()
  File "/home/aditucci/anaconda3/envs/env/lib/python3.10/site-packages/joblib/parallel.py", line 1762, in _retrieve
    time.sleep(0.01)
KeyboardInterrupt
