

#############################################################################

n_qubits and features:  8
num bands:  3 bands:  [3, 2, 1]
classes:  ['River', 'SeaLake']
kernel type:  fidelity
ZZ repetitions:  2
ent_type:  linear
compute entropy: False
mps simulation:  True
compress_method:  sscnet
percentage_train 0.3
train:  (1320, 8)
validation:  (825, 8)
matrix_product_state CPU
28.010578632354736 sec to evaluate kernels
tot time:  71.83534622192383 sec 

Precomputed kernel classification test score: 0.8921212121212121

Accuracy per class: [0.86666667 0.91333333] Mean Accuracy: 0.89
              precision    recall  f1-score   support

           0     0.8929    0.8667    0.8796       375
           1     0.8915    0.9133    0.9023       450

    accuracy                         0.8921       825
   macro avg     0.8922    0.8900    0.8909       825
weighted avg     0.8921    0.8921    0.8920       825

Results write sucessfully to ../../../Data/aditucci/Output_percentage_data/sscnet/fidelity/N_8/
