

#############################################################################

n_qubits and features:  8
num bands:  3 bands:  [3, 2, 1]
classes:  ['River', 'SeaLake']
kernel type:  fidelity
ZZ repetitions:  1
ent_type:  linear
compute entropy: False
mps simulation:  True
compress_method:  sscnet
percentage_train 0.7
train:  (3080, 8)
validation:  (825, 8)
matrix_product_state CPU
57.54879379272461 sec to evaluate kernels
tot time:  128.97805738449097 sec 

Precomputed kernel classification test score: 0.8945454545454545

Accuracy per class: [0.85866667 0.92444444] Mean Accuracy: 0.8915555555555555
              precision    recall  f1-score   support

           0     0.9045    0.8587    0.8810       375
           1     0.8870    0.9244    0.9053       450

    accuracy                         0.8945       825
   macro avg     0.8957    0.8916    0.8932       825
weighted avg     0.8949    0.8945    0.8943       825

Results write sucessfully to ../../../Data/aditucci/Output_percentage_data/sscnet/fidelity/N_8/
