

#############################################################################

n_qubits and features:  12
num bands:  3 bands:  [3, 2, 1]
classes:  ['River', 'SeaLake']
kernel type:  fidelity
ZZ repetitions:  2
ent_type:  linear
compute entropy: False
mps simulation:  True
compress_method:  sscnet
percentage_train 0.1
train:  (440, 12)
validation:  (825, 12)
matrix_product_state CPU
11.459596633911133 sec to evaluate kernels
tot time:  41.97896981239319 sec 

Precomputed kernel classification test score: 0.8884848484848484

Accuracy per class: [0.96533333 0.82444444] Mean Accuracy: 0.8948888888888888
              precision    recall  f1-score   support

           0     0.8209    0.9653    0.8873       375
           1     0.9661    0.8244    0.8897       450

    accuracy                         0.8885       825
   macro avg     0.8935    0.8949    0.8885       825
weighted avg     0.9001    0.8885    0.8886       825

Results write sucessfully to ../../../Data/aditucci/Output_percentage_data/sscnet/fidelity/N_12/
