

#############################################################################

n_qubits and features:  12
num bands:  3 bands:  [3, 2, 1]
classes:  ['River', 'SeaLake']
kernel type:  fidelity
ZZ repetitions:  2
ent_type:  full
compute entropy: False
mps simulation:  True
compress_method:  sscnet
percentage_train 0.05
train:  (220, 12)
validation:  (825, 12)
matrix_product_state CPU
31.34229016304016 sec to evaluate kernels
tot time:  173.8409628868103 sec 

Precomputed kernel classification test score: 0.8290909090909091

Accuracy per class: [0.93866667 0.73777778] Mean Accuracy: 0.8382222222222222
              precision    recall  f1-score   support

           0     0.7489    0.9387    0.8331       375
           1     0.9352    0.7378    0.8248       450

    accuracy                         0.8291       825
   macro avg     0.8421    0.8382    0.8290       825
weighted avg     0.8505    0.8291    0.8286       825

Results write sucessfully to ../../../Data/aditucci/Output_percentage_data/sscnet/fidelity/N_12/
