

#############################################################################

n_qubits and features:  12
num bands:  3 bands:  [3, 2, 1]
classes:  ['River', 'SeaLake']
kernel type:  fidelity
ZZ repetitions:  2
ent_type:  linear
compute entropy: False
mps simulation:  True
compress_method:  sscnet
percentage_train 1.0
train:  (4400, 12)
validation:  (825, 12)
matrix_product_state CPU
104.44736051559448 sec to evaluate kernels
tot time:  228.0558614730835 sec 

Precomputed kernel classification test score: 0.9296969696969697

Accuracy per class: [0.936      0.92444444] Mean Accuracy: 0.9302222222222223
              precision    recall  f1-score   support

           0     0.9117    0.9360    0.9237       375
           1     0.9455    0.9244    0.9348       450

    accuracy                         0.9297       825
   macro avg     0.9286    0.9302    0.9293       825
weighted avg     0.9301    0.9297    0.9298       825

Results write sucessfully to ../../../Data/aditucci/Output_percentage_data/sscnet/fidelity/N_12/
