

#############################################################################

n_qubits and features:  12
num bands:  3 bands:  [3, 2, 1]
classes:  ['River', 'SeaLake']
kernel type:  fidelity
ZZ repetitions:  1
ent_type:  linear
compute entropy: False
mps simulation:  True
compress_method:  sscnet
percentage_train 0.3
train:  (1320, 12)
validation:  (825, 12)
matrix_product_state CPU
27.534396171569824 sec to evaluate kernels
tot time:  70.47923684120178 sec 

Precomputed kernel classification test score: 0.9284848484848485

Accuracy per class: [0.94133333 0.91777778] Mean Accuracy: 0.9295555555555556
              precision    recall  f1-score   support

           0     0.9051    0.9413    0.9229       375
           1     0.9494    0.9178    0.9333       450

    accuracy                         0.9285       825
   macro avg     0.9273    0.9296    0.9281       825
weighted avg     0.9293    0.9285    0.9286       825

Results write sucessfully to ../../../Data/aditucci/Output_percentage_data/sscnet/fidelity/N_12/
