

#############################################################################

n_qubits and features:  4
num bands:  3 bands:  [3, 2, 1]
classes:  ['River', 'SeaLake']
kernel type:  fidelity
ZZ repetitions:  2
ent_type:  full
compute entropy: False
mps simulation:  True
compress_method:  sscnet
percentage_train 0.01
train:  (44, 4)
validation:  (825, 4)
matrix_product_state CPU
2.3099186420440674 sec to evaluate kernels
tot time:  18.89089322090149 sec 

Precomputed kernel classification test score: 0.5854545454545454

Accuracy per class: [0.352 0.78 ] Mean Accuracy: 0.5660000000000001
              precision    recall  f1-score   support

           0     0.5714    0.3520    0.4356       375
           1     0.5909    0.7800    0.6724       450

    accuracy                         0.5855       825
   macro avg     0.5812    0.5660    0.5540       825
weighted avg     0.5821    0.5855    0.5648       825

Results write sucessfully to ../../../Data/aditucci/Output_percentage_data/sscnet/fidelity/N_4/
