

#############################################################################

n_qubits and features:  12
num bands:  3 bands:  [3, 2, 1]
classes:  ['River', 'SeaLake']
kernel type:  fidelity
ZZ repetitions:  2
ent_type:  linear
compute entropy: False
mps simulation:  True
compress_method:  sscnet
percentage_train 0.7
train:  (3080, 12)
validation:  (825, 12)
matrix_product_state CPU
74.26437473297119 sec to evaluate kernels
tot time:  165.61854076385498 sec 

Precomputed kernel classification test score: 0.9272727272727272

Accuracy per class: [0.936 0.92 ] Mean Accuracy: 0.928
              precision    recall  f1-score   support

           0     0.9070    0.9360    0.9213       375
           1     0.9452    0.9200    0.9324       450

    accuracy                         0.9273       825
   macro avg     0.9261    0.9280    0.9268       825
weighted avg     0.9278    0.9273    0.9274       825

Results write sucessfully to ../../../Data/aditucci/Output_percentage_data/sscnet/fidelity/N_12/
