

#############################################################################

n_qubits and features:  16
num bands:  3 bands:  [3, 2, 1]
classes:  ['River', 'SeaLake']
kernel type:  fidelity
ZZ repetitions:  1
ent_type:  linear
compute entropy: False
mps simulation:  True
compress_method:  sscnet
percentage_train 0.3
train:  (1320, 16)
validation:  (825, 16)
matrix_product_state CPU
44.87152886390686 sec to evaluate kernels
tot time:  112.627854347229 sec 

Precomputed kernel classification test score: 0.9272727272727272

Accuracy per class: [0.97333333 0.88888889] Mean Accuracy: 0.9311111111111111
              precision    recall  f1-score   support

           0     0.8795    0.9733    0.9241       375
           1     0.9756    0.8889    0.9302       450

    accuracy                         0.9273       825
   macro avg     0.9276    0.9311    0.9271       825
weighted avg     0.9319    0.9273    0.9274       825

Results write sucessfully to ../../../Data/aditucci/Output_percentage_data/sscnet/fidelity/N_16/
