

#############################################################################

n_qubits and features:  8
num bands:  3 bands:  [3, 2, 1]
classes:  ['River', 'SeaLake']
kernel type:  fidelity
ZZ repetitions:  2
ent_type:  linear
compute entropy: False
mps simulation:  True
compress_method:  sscnet
percentage_train 0.1
train:  (440, 8)
validation:  (825, 8)
matrix_product_state CPU
10.365009784698486 sec to evaluate kernels
tot time:  36.276755809783936 sec 

Precomputed kernel classification test score: 0.8569696969696969

Accuracy per class: [0.83733333 0.87333333] Mean Accuracy: 0.8553333333333333
              precision    recall  f1-score   support

           0     0.8464    0.8373    0.8418       375
           1     0.8656    0.8733    0.8695       450

    accuracy                         0.8570       825
   macro avg     0.8560    0.8553    0.8556       825
weighted avg     0.8569    0.8570    0.8569       825

Results write sucessfully to ../../../Data/aditucci/Output_percentage_data/sscnet/fidelity/N_8/
