

#############################################################################

n_qubits and features:  12
num bands:  3 bands:  [3, 2, 1]
classes:  ['River', 'SeaLake']
kernel type:  fidelity
ZZ repetitions:  1
ent_type:  full
compute entropy: False
mps simulation:  True
compress_method:  sscnet
percentage_train 0.01
train:  (44, 12)
validation:  (825, 12)
matrix_product_state CPU
3.3598380088806152 sec to evaluate kernels
tot time:  42.09555435180664 sec 

Precomputed kernel classification test score: 0.8884848484848484

Accuracy per class: [0.904      0.87555556] Mean Accuracy: 0.8897777777777778
              precision    recall  f1-score   support

           0     0.8582    0.9040    0.8805       375
           1     0.9163    0.8756    0.8955       450

    accuracy                         0.8885       825
   macro avg     0.8873    0.8898    0.8880       825
weighted avg     0.8899    0.8885    0.8887       825

Results write sucessfully to ../../../Data/aditucci/Output_percentage_data/sscnet/fidelity/N_12/
