

#############################################################################

n_qubits and features:  16
num bands:  3 bands:  [3, 2, 1]
classes:  ['River', 'SeaLake']
kernel type:  fidelity
ZZ repetitions:  2
ent_type:  linear
compute entropy: False
mps simulation:  True
compress_method:  sscnet
percentage_train 0.5
train:  (2200, 16)
validation:  (825, 16)
matrix_product_state CPU
85.89348316192627 sec to evaluate kernels
tot time:  197.20663142204285 sec 

Precomputed kernel classification test score: 0.9224242424242424

Accuracy per class: [0.97866667 0.87555556] Mean Accuracy: 0.9271111111111111
              precision    recall  f1-score   support

           0     0.8676    0.9787    0.9198       375
           1     0.9801    0.8756    0.9249       450

    accuracy                         0.9224       825
   macro avg     0.9239    0.9271    0.9223       825
weighted avg     0.9290    0.9224    0.9226       825

Results write sucessfully to ../../../Data/aditucci/Output_percentage_data/sscnet/fidelity/N_16/
