

#############################################################################

n_qubits and features:  16
num bands:  3 bands:  [3, 2, 1]
classes:  ['River', 'SeaLake']
kernel type:  fidelity
ZZ repetitions:  1
ent_type:  full
compute entropy: False
mps simulation:  True
compress_method:  sscnet
percentage_train 0.01
train:  (44, 16)
validation:  (825, 16)
matrix_product_state CPU
26.545393228530884 sec to evaluate kernels
tot time:  549.3344967365265 sec 

Precomputed kernel classification test score: 0.9103030303030303

Accuracy per class: [0.92533333 0.89777778] Mean Accuracy: 0.9115555555555556
              precision    recall  f1-score   support

           0     0.8830    0.9253    0.9036       375
           1     0.9352    0.8978    0.9161       450

    accuracy                         0.9103       825
   macro avg     0.9091    0.9116    0.9099       825
weighted avg     0.9114    0.9103    0.9104       825

Results write sucessfully to ../../../Data/aditucci/Output_percentage_data/sscnet/fidelity/N_16/
