

#############################################################################

n_qubits and features:  8
num bands:  3 bands:  [3, 2, 1]
classes:  ['River', 'SeaLake']
kernel type:  fidelity
ZZ repetitions:  1
ent_type:  full
compute entropy: False
mps simulation:  True
compress_method:  sscnet
percentage_train 0.05
train:  (220, 8)
validation:  (825, 8)
matrix_product_state CPU
6.021341562271118 sec to evaluate kernels
tot time:  28.693069219589233 sec 

Precomputed kernel classification test score: 0.863030303030303

Accuracy per class: [0.81333333 0.90444444] Mean Accuracy: 0.8588888888888889
              precision    recall  f1-score   support

           0     0.8764    0.8133    0.8437       375
           1     0.8532    0.9044    0.8781       450

    accuracy                         0.8630       825
   macro avg     0.8648    0.8589    0.8609       825
weighted avg     0.8638    0.8630    0.8625       825

Results write sucessfully to ../../../Data/aditucci/Output_percentage_data/sscnet/fidelity/N_8/
