

#############################################################################

n_qubits and features:  4
num bands:  3 bands:  [3, 2, 1]
classes:  ['River', 'SeaLake']
kernel type:  fidelity
ZZ repetitions:  1
ent_type:  linear
compute entropy: False
mps simulation:  True
compress_method:  sscnet
percentage_train 0.05
train:  (220, 4)
validation:  (825, 4)
matrix_product_state CPU
4.985590696334839 sec to evaluate kernels
tot time:  22.465101957321167 sec 

Precomputed kernel classification test score: 0.730909090909091

Accuracy per class: [0.72 0.74] Mean Accuracy: 0.73
              precision    recall  f1-score   support

           0     0.6977    0.7200    0.7087       375
           1     0.7603    0.7400    0.7500       450

    accuracy                         0.7309       825
   macro avg     0.7290    0.7300    0.7293       825
weighted avg     0.7318    0.7309    0.7312       825

Results write sucessfully to ../../../Data/aditucci/Output_percentage_data/sscnet/fidelity/N_4/
