

#############################################################################

n_qubits and features:  4
num bands:  3 bands:  [3, 2, 1]
classes:  ['River', 'SeaLake']
kernel type:  fidelity
ZZ repetitions:  2
ent_type:  linear
compute entropy: False
mps simulation:  True
compress_method:  sscnet
percentage_train 0.1
train:  (440, 4)
validation:  (825, 4)
matrix_product_state CPU
9.31184697151184 sec to evaluate kernels
tot time:  31.97834062576294 sec 

Precomputed kernel classification test score: 0.7078787878787879

Accuracy per class: [0.65066667 0.75555556] Mean Accuracy: 0.703111111111111
              precision    recall  f1-score   support

           0     0.6893    0.6507    0.6694       375
           1     0.7219    0.7556    0.7383       450

    accuracy                         0.7079       825
   macro avg     0.7056    0.7031    0.7039       825
weighted avg     0.7070    0.7079    0.7070       825

Results write sucessfully to ../../../Data/aditucci/Output_percentage_data/sscnet/fidelity/N_4/
