

#############################################################################

n_qubits and features:  8
num bands:  3 bands:  [3, 2, 1]
classes:  ['River', 'SeaLake']
kernel type:  fidelity
ZZ repetitions:  2
ent_type:  linear
compute entropy: False
mps simulation:  True
compress_method:  sscnet
percentage_train 0.05
train:  (220, 8)
validation:  (825, 8)
matrix_product_state CPU
5.908129453659058 sec to evaluate kernels
tot time:  27.226364612579346 sec 

Precomputed kernel classification test score: 0.806060606060606

Accuracy per class: [0.792      0.81777778] Mean Accuracy: 0.804888888888889
              precision    recall  f1-score   support

           0     0.7836    0.7920    0.7878       375
           1     0.8251    0.8178    0.8214       450

    accuracy                         0.8061       825
   macro avg     0.8044    0.8049    0.8046       825
weighted avg     0.8063    0.8061    0.8061       825

Results write sucessfully to ../../../Data/aditucci/Output_percentage_data/sscnet/fidelity/N_8/
