

#############################################################################

n_qubits and features:  8
num bands:  3 bands:  [3, 2, 1]
classes:  ['River', 'SeaLake']
kernel type:  fidelity
ZZ repetitions:  1
ent_type:  linear
compute entropy: False
mps simulation:  True
compress_method:  sscnet
percentage_train 0.05
train:  (220, 8)
validation:  (825, 8)
matrix_product_state CPU
5.348340034484863 sec to evaluate kernels
tot time:  24.2345871925354 sec 

Precomputed kernel classification test score: 0.8218181818181818

Accuracy per class: [0.77866667 0.85777778] Mean Accuracy: 0.8182222222222222
              precision    recall  f1-score   support

           0     0.8202    0.7787    0.7989       375
           1     0.8230    0.8578    0.8400       450

    accuracy                         0.8218       825
   macro avg     0.8216    0.8182    0.8195       825
weighted avg     0.8218    0.8218    0.8213       825

Results write sucessfully to ../../../Data/aditucci/Output_percentage_data/sscnet/fidelity/N_8/
