

#############################################################################

n_qubits and features:  12
num bands:  3 bands:  [3, 2, 1]
classes:  ['River', 'SeaLake']
kernel type:  fidelity
ZZ repetitions:  1
ent_type:  full
compute entropy: False
mps simulation:  True
compress_method:  sscnet
percentage_train 0.05
train:  (220, 12)
validation:  (825, 12)
matrix_product_state CPU
11.189295053482056 sec to evaluate kernels
tot time:  58.46495795249939 sec 

Precomputed kernel classification test score: 0.9212121212121213

Accuracy per class: [0.97066667 0.88      ] Mean Accuracy: 0.9253333333333333
              precision    recall  f1-score   support

           0     0.8708    0.9707    0.9180       375
           1     0.9730    0.8800    0.9242       450

    accuracy                         0.9212       825
   macro avg     0.9219    0.9253    0.9211       825
weighted avg     0.9265    0.9212    0.9214       825

Results write sucessfully to ../../../Data/aditucci/Output_percentage_data/sscnet/fidelity/N_12/
