

#############################################################################

n_qubits and features:  4
num bands:  3 bands:  [3, 2, 1]
classes:  ['River', 'SeaLake']
kernel type:  fidelity
ZZ repetitions:  2
ent_type:  linear
compute entropy: False
mps simulation:  True
compress_method:  sscnet
percentage_train 0.3
train:  (1320, 4)
validation:  (825, 4)
matrix_product_state CPU
24.89145064353943 sec to evaluate kernels
tot time:  63.96271824836731 sec 

Precomputed kernel classification test score: 0.776969696969697

Accuracy per class: [0.74666667 0.80222222] Mean Accuracy: 0.7744444444444445
              precision    recall  f1-score   support

           0     0.7588    0.7467    0.7527       375
           1     0.7917    0.8022    0.7969       450

    accuracy                         0.7770       825
   macro avg     0.7752    0.7744    0.7748       825
weighted avg     0.7767    0.7770    0.7768       825

Results write sucessfully to ../../../Data/aditucci/Output_percentage_data/sscnet/fidelity/N_4/
