

#############################################################################

n_qubits and features:  8
num bands:  3 bands:  [3, 2, 1]
classes:  ['River', 'SeaLake']
kernel type:  fidelity
ZZ repetitions:  2
ent_type:  linear
compute entropy: False
mps simulation:  True
compress_method:  sscnet
percentage_train 0.5
train:  (2200, 8)
validation:  (825, 8)
matrix_product_state CPU
46.26920509338379 sec to evaluate kernels
tot time:  107.61001586914062 sec 

Precomputed kernel classification test score: 0.896969696969697

Accuracy per class: [0.88266667 0.90888889] Mean Accuracy: 0.8957777777777778
              precision    recall  f1-score   support

           0     0.8898    0.8827    0.8862       375
           1     0.9029    0.9089    0.9059       450

    accuracy                         0.8970       825
   macro avg     0.8963    0.8958    0.8960       825
weighted avg     0.8969    0.8970    0.8969       825

Results write sucessfully to ../../../Data/aditucci/Output_percentage_data/sscnet/fidelity/N_8/
