

#############################################################################

n_qubits and features:  4
num bands:  3 bands:  [3, 2, 1]
classes:  ['River', 'SeaLake']
kernel type:  fidelity
ZZ repetitions:  2
ent_type:  full
compute entropy: False
mps simulation:  True
compress_method:  sscnet
percentage_train 0.05
train:  (220, 4)
validation:  (825, 4)
matrix_product_state CPU
5.533668279647827 sec to evaluate kernels
tot time:  25.768385410308838 sec 

Precomputed kernel classification test score: 0.6957575757575758

Accuracy per class: [0.54933333 0.81777778] Mean Accuracy: 0.6835555555555556
              precision    recall  f1-score   support

           0     0.7153    0.5493    0.6214       375
           1     0.6853    0.8178    0.7457       450

    accuracy                         0.6958       825
   macro avg     0.7003    0.6836    0.6836       825
weighted avg     0.6989    0.6958    0.6892       825

Results write sucessfully to ../../../Data/aditucci/Output_percentage_data/sscnet/fidelity/N_4/
