

#############################################################################

n_qubits and features:  8
num bands:  3 bands:  [3, 2, 1]
classes:  ['River', 'SeaLake']
kernel type:  fidelity
ZZ repetitions:  1
ent_type:  linear
compute entropy: False
mps simulation:  True
compress_method:  sscnet
percentage_train 0.1
train:  (440, 8)
validation:  (825, 8)
matrix_product_state CPU
9.251559257507324 sec to evaluate kernels
tot time:  32.24465751647949 sec 

Precomputed kernel classification test score: 0.84

Accuracy per class: [0.77066667 0.89777778] Mean Accuracy: 0.8342222222222222
              precision    recall  f1-score   support

           0     0.8627    0.7707    0.8141       375
           1     0.8245    0.8978    0.8596       450

    accuracy                         0.8400       825
   macro avg     0.8436    0.8342    0.8368       825
weighted avg     0.8419    0.8400    0.8389       825

Results write sucessfully to ../../../Data/aditucci/Output_percentage_data/sscnet/fidelity/N_8/
