

#############################################################################

n_qubits and features:  8
num bands:  3 bands:  [3, 2, 1]
classes:  ['River', 'SeaLake']
kernel type:  fidelity
ZZ repetitions:  2
ent_type:  linear
compute entropy: False
mps simulation:  True
compress_method:  sscnet
percentage_train 0.7
train:  (3080, 8)
validation:  (825, 8)
matrix_product_state CPU
63.526145458221436 sec to evaluate kernels
tot time:  144.28899765014648 sec 

Precomputed kernel classification test score: 0.8945454545454545

Accuracy per class: [0.87733333 0.90888889] Mean Accuracy: 0.8931111111111111
              precision    recall  f1-score   support

           0     0.8892    0.8773    0.8832       375
           1     0.8989    0.9089    0.9039       450

    accuracy                         0.8945       825
   macro avg     0.8940    0.8931    0.8935       825
weighted avg     0.8945    0.8945    0.8945       825

Results write sucessfully to ../../../Data/aditucci/Output_percentage_data/sscnet/fidelity/N_8/
