

#############################################################################

n_qubits and features:  12
num bands:  3 bands:  [3, 2, 1]
classes:  ['River', 'SeaLake']
kernel type:  fidelity
ZZ repetitions:  1
ent_type:  linear
compute entropy: False
mps simulation:  True
compress_method:  sscnet
percentage_train 0.7
train:  (3080, 12)
validation:  (825, 12)
matrix_product_state CPU
63.31484270095825 sec to evaluate kernels
tot time:  141.27866911888123 sec 

Precomputed kernel classification test score: 0.9296969696969697

Accuracy per class: [0.92533333 0.93333333] Mean Accuracy: 0.9293333333333333
              precision    recall  f1-score   support

           0     0.9204    0.9253    0.9229       375
           1     0.9375    0.9333    0.9354       450

    accuracy                         0.9297       825
   macro avg     0.9290    0.9293    0.9291       825
weighted avg     0.9297    0.9297    0.9297       825

Results write sucessfully to ../../../Data/aditucci/Output_percentage_data/sscnet/fidelity/N_12/
