

#############################################################################

n_qubits and features:  8
num bands:  3 bands:  [3, 2, 1]
classes:  ['River', 'SeaLake']
kernel type:  fidelity
ZZ repetitions:  1
ent_type:  linear
compute entropy: False
mps simulation:  True
compress_method:  sscnet
percentage_train 0.01
train:  (44, 8)
validation:  (825, 8)
matrix_product_state CPU
2.262697219848633 sec to evaluate kernels
tot time:  18.007967472076416 sec 

Precomputed kernel classification test score: 0.7381818181818182

Accuracy per class: [0.63466667 0.82444444] Mean Accuracy: 0.7295555555555555
              precision    recall  f1-score   support

           0     0.7508    0.6347    0.6879       375
           1     0.7303    0.8244    0.7745       450

    accuracy                         0.7382       825
   macro avg     0.7406    0.7296    0.7312       825
weighted avg     0.7396    0.7382    0.7351       825

Results write sucessfully to ../../../Data/aditucci/Output_percentage_data/sscnet/fidelity/N_8/
