

#############################################################################

n_qubits and features:  8
num bands:  3 bands:  [3, 2, 1]
classes:  ['River', 'SeaLake']
kernel type:  fidelity
ZZ repetitions:  1
ent_type:  linear
compute entropy: False
mps simulation:  True
compress_method:  sscnet
percentage_train 0.3
train:  (1320, 8)
validation:  (825, 8)
matrix_product_state CPU
25.20712113380432 sec to evaluate kernels
tot time:  64.33553433418274 sec 

Precomputed kernel classification test score: 0.8824242424242424

Accuracy per class: [0.82666667 0.92888889] Mean Accuracy: 0.8777777777777778
              precision    recall  f1-score   support

           0     0.9064    0.8267    0.8647       375
           1     0.8654    0.9289    0.8960       450

    accuracy                         0.8824       825
   macro avg     0.8859    0.8778    0.8804       825
weighted avg     0.8841    0.8824    0.8818       825

Results write sucessfully to ../../../Data/aditucci/Output_percentage_data/sscnet/fidelity/N_8/
