

#############################################################################

n_qubits and features:  16
num bands:  3 bands:  [3, 2, 1]
classes:  ['River', 'SeaLake']
kernel type:  fidelity
ZZ repetitions:  2
ent_type:  linear
compute entropy: False
mps simulation:  True
compress_method:  unet
percentage_train 0.01
train:  (44, 16)
validation:  (825, 16)
matrix_product_state CPU
2.9814884662628174 sec to evaluate kernels
tot time:  34.40023732185364 sec 

Precomputed kernel classification test score: 0.7587878787878788

Accuracy per class: [0.81866667 0.70888889] Mean Accuracy: 0.7637777777777778
              precision    recall  f1-score   support

           0     0.7009    0.8187    0.7552       375
           1     0.8243    0.7089    0.7622       450

    accuracy                         0.7588       825
   macro avg     0.7626    0.7638    0.7587       825
weighted avg     0.7682    0.7588    0.7591       825

Results write sucessfully to ../../../Data/aditucci/Output_percentage_data/unet/fidelity/N_16/
