

#############################################################################

n_qubits and features:  8
num bands:  3 bands:  [3, 2, 1]
classes:  ['River', 'SeaLake']
kernel type:  fidelity
ZZ repetitions:  2
ent_type:  linear
compute entropy: False
mps simulation:  True
compress_method:  unet
percentage_train 0.05
train:  (220, 8)
validation:  (825, 8)
matrix_product_state CPU
5.981386661529541 sec to evaluate kernels
tot time:  27.630178689956665 sec 

Precomputed kernel classification test score: 0.7442424242424243

Accuracy per class: [0.688      0.79111111] Mean Accuracy: 0.7395555555555555
              precision    recall  f1-score   support

           0     0.7330    0.6880    0.7098       375
           1     0.7526    0.7911    0.7714       450

    accuracy                         0.7442       825
   macro avg     0.7428    0.7396    0.7406       825
weighted avg     0.7437    0.7442    0.7434       825

Results write sucessfully to ../../../Data/aditucci/Output_percentage_data/unet/fidelity/N_8/
