

#############################################################################

n_qubits and features:  12
num bands:  3 bands:  [3, 2, 1]
classes:  ['River', 'SeaLake']
kernel type:  fidelity
ZZ repetitions:  1
ent_type:  linear
compute entropy: False
mps simulation:  True
compress_method:  unet
percentage_train 0.7
train:  (3080, 12)
validation:  (825, 12)
matrix_product_state CPU
62.578606367111206 sec to evaluate kernels
tot time:  140.82308506965637 sec 

Precomputed kernel classification test score: 0.7660606060606061

Accuracy per class: [0.58133333 0.92      ] Mean Accuracy: 0.7506666666666667
              precision    recall  f1-score   support

           0     0.8583    0.5813    0.6932       375
           1     0.7250    0.9200    0.8110       450

    accuracy                         0.7661       825
   macro avg     0.7917    0.7507    0.7521       825
weighted avg     0.7856    0.7661    0.7574       825

Results write sucessfully to ../../../Data/aditucci/Output_percentage_data/unet/fidelity/N_12/
