

#############################################################################

n_qubits and features:  8
num bands:  3 bands:  [3, 2, 1]
classes:  ['River', 'SeaLake']
kernel type:  fidelity
ZZ repetitions:  1
ent_type:  linear
compute entropy: False
mps simulation:  True
compress_method:  unet
percentage_train 0.05
train:  (220, 8)
validation:  (825, 8)
matrix_product_state CPU
5.284643650054932 sec to evaluate kernels
tot time:  24.19581413269043 sec 

Precomputed kernel classification test score: 0.7478787878787879

Accuracy per class: [0.67733333 0.80666667] Mean Accuracy: 0.742
              precision    recall  f1-score   support

           0     0.7449    0.6773    0.7095       375
           1     0.7500    0.8067    0.7773       450

    accuracy                         0.7479       825
   macro avg     0.7474    0.7420    0.7434       825
weighted avg     0.7477    0.7479    0.7465       825

Results write sucessfully to ../../../Data/aditucci/Output_percentage_data/unet/fidelity/N_8/
