

#############################################################################

n_qubits and features:  4
num bands:  3 bands:  [3, 2, 1]
classes:  ['River', 'SeaLake']
kernel type:  fidelity
ZZ repetitions:  2
ent_type:  linear
compute entropy: False
mps simulation:  True
compress_method:  unet
percentage_train 0.01
train:  (44, 4)
validation:  (825, 4)
matrix_product_state CPU
2.215505361557007 sec to evaluate kernels
tot time:  17.67713761329651 sec 

Precomputed kernel classification test score: 0.7381818181818182

Accuracy per class: [0.464      0.96666667] Mean Accuracy: 0.7153333333333334
              precision    recall  f1-score   support

           0     0.9206    0.4640    0.6170       375
           1     0.6840    0.9667    0.8011       450

    accuracy                         0.7382       825
   macro avg     0.8023    0.7153    0.7091       825
weighted avg     0.7915    0.7382    0.7174       825

Results write sucessfully to ../../../Data/aditucci/Output_percentage_data/unet/fidelity/N_4/
