

#############################################################################

n_qubits and features:  8
num bands:  3 bands:  [3, 2, 1]
classes:  ['River', 'SeaLake']
kernel type:  fidelity
ZZ repetitions:  2
ent_type:  linear
compute entropy: False
mps simulation:  True
compress_method:  unet
percentage_train 0.3
train:  (1320, 8)
validation:  (825, 8)
matrix_product_state CPU
28.02955412864685 sec to evaluate kernels
tot time:  71.58823585510254 sec 

Precomputed kernel classification test score: 0.7757575757575758

Accuracy per class: [0.57866667 0.94      ] Mean Accuracy: 0.7593333333333333
              precision    recall  f1-score   support

           0     0.8893    0.5787    0.7011       375
           1     0.7281    0.9400    0.8206       450

    accuracy                         0.7758       825
   macro avg     0.8087    0.7593    0.7608       825
weighted avg     0.8014    0.7758    0.7663       825

Results write sucessfully to ../../../Data/aditucci/Output_percentage_data/unet/fidelity/N_8/
