

#############################################################################

n_qubits and features:  12
num bands:  3 bands:  [3, 2, 1]
classes:  ['River', 'SeaLake']
kernel type:  fidelity
ZZ repetitions:  1
ent_type:  linear
compute entropy: False
mps simulation:  True
compress_method:  unet
percentage_train 0.3
train:  (1320, 12)
validation:  (825, 12)
matrix_product_state CPU
27.63875102996826 sec to evaluate kernels
tot time:  70.68484210968018 sec 

Precomputed kernel classification test score: 0.7551515151515151

Accuracy per class: [0.57333333 0.90666667] Mean Accuracy: 0.74
              precision    recall  f1-score   support

           0     0.8366    0.5733    0.6804       375
           1     0.7183    0.9067    0.8016       450

    accuracy                         0.7552       825
   macro avg     0.7774    0.7400    0.7410       825
weighted avg     0.7721    0.7552    0.7465       825

Results write sucessfully to ../../../Data/aditucci/Output_percentage_data/unet/fidelity/N_12/
