

#############################################################################

n_qubits and features:  4
num bands:  3 bands:  [3, 2, 1]
classes:  ['River', 'SeaLake']
kernel type:  fidelity
ZZ repetitions:  2
ent_type:  linear
compute entropy: False
mps simulation:  True
compress_method:  unet
percentage_train 0.05
train:  (220, 4)
validation:  (825, 4)
matrix_product_state CPU
5.478743076324463 sec to evaluate kernels
tot time:  24.157384157180786 sec 

Precomputed kernel classification test score: 0.8096969696969697

Accuracy per class: [0.648      0.94444444] Mean Accuracy: 0.7962222222222222
              precision    recall  f1-score   support

           0     0.9067    0.6480    0.7558       375
           1     0.7630    0.9444    0.8441       450

    accuracy                         0.8097       825
   macro avg     0.8349    0.7962    0.8000       825
weighted avg     0.8283    0.8097    0.8040       825

Results write sucessfully to ../../../Data/aditucci/Output_percentage_data/unet/fidelity/N_4/
