

#############################################################################

n_qubits and features:  12
num bands:  3 bands:  [3, 2, 1]
classes:  ['River', 'SeaLake']
kernel type:  fidelity
ZZ repetitions:  2
ent_type:  linear
compute entropy: False
mps simulation:  True
compress_method:  unet
percentage_train 1.0
train:  (4400, 12)
validation:  (825, 12)
matrix_product_state CPU
104.91146087646484 sec to evaluate kernels
tot time:  227.54154992103577 sec 

Precomputed kernel classification test score: 0.776969696969697

Accuracy per class: [0.58933333 0.93333333] Mean Accuracy: 0.7613333333333334
              precision    recall  f1-score   support

           0     0.8805    0.5893    0.7061       375
           1     0.7317    0.9333    0.8203       450

    accuracy                         0.7770       825
   macro avg     0.8061    0.7613    0.7632       825
weighted avg     0.7993    0.7770    0.7684       825

Results write sucessfully to ../../../Data/aditucci/Output_percentage_data/unet/fidelity/N_12/
