

#############################################################################

n_qubits and features:  16
num bands:  3 bands:  [3, 2, 1]
classes:  ['River', 'SeaLake']
kernel type:  fidelity
ZZ repetitions:  2
ent_type:  linear
compute entropy: False
mps simulation:  True
compress_method:  unet
percentage_train 0.1
train:  (440, 16)
validation:  (825, 16)
matrix_product_state CPU
17.51361083984375 sec to evaluate kernels
tot time:  64.6222767829895 sec 

Precomputed kernel classification test score: 0.8242424242424242

Accuracy per class: [0.87466667 0.78222222] Mean Accuracy: 0.8284444444444445
              precision    recall  f1-score   support

           0     0.7700    0.8747    0.8190       375
           1     0.8822    0.7822    0.8292       450

    accuracy                         0.8242       825
   macro avg     0.8261    0.8284    0.8241       825
weighted avg     0.8312    0.8242    0.8246       825

Results write sucessfully to ../../../Data/aditucci/Output_percentage_data/unet/fidelity/N_16/
