

#############################################################################

n_qubits and features:  12
num bands:  3 bands:  [3, 2, 1]
classes:  ['River', 'SeaLake']
kernel type:  fidelity
ZZ repetitions:  1
ent_type:  linear
compute entropy: False
mps simulation:  True
compress_method:  unet
percentage_train 0.05
train:  (220, 12)
validation:  (825, 12)
matrix_product_state CPU
5.662557125091553 sec to evaluate kernels
tot time:  26.355849981307983 sec 

Precomputed kernel classification test score: 0.7345454545454545

Accuracy per class: [0.504      0.92666667] Mean Accuracy: 0.7153333333333334
              precision    recall  f1-score   support

           0     0.8514    0.5040    0.6332       375
           1     0.6915    0.9267    0.7920       450

    accuracy                         0.7345       825
   macro avg     0.7714    0.7153    0.7126       825
weighted avg     0.7642    0.7345    0.7198       825

Results write sucessfully to ../../../Data/aditucci/Output_percentage_data/unet/fidelity/N_12/
