

#############################################################################

n_qubits and features:  16
num bands:  3 bands:  [3, 2, 1]
classes:  ['River', 'SeaLake']
kernel type:  fidelity
ZZ repetitions:  1
ent_type:  linear
compute entropy: False
mps simulation:  True
compress_method:  unet
percentage_train 0.01
train:  (44, 16)
validation:  (825, 16)
matrix_product_state CPU
2.760542869567871 sec to evaluate kernels
tot time:  29.6319100856781 sec 

Precomputed kernel classification test score: 0.7745454545454545

Accuracy per class: [0.888 0.68 ] Mean Accuracy: 0.784
              precision    recall  f1-score   support

           0     0.6981    0.8880    0.7817       375
           1     0.8793    0.6800    0.7669       450

    accuracy                         0.7745       825
   macro avg     0.7887    0.7840    0.7743       825
weighted avg     0.7969    0.7745    0.7736       825

Results write sucessfully to ../../../Data/aditucci/Output_percentage_data/unet/fidelity/N_16/
