

#############################################################################

n_qubits and features:  8
num bands:  3 bands:  [3, 2, 1]
classes:  ['River', 'SeaLake']
kernel type:  fidelity
ZZ repetitions:  1
ent_type:  linear
compute entropy: False
mps simulation:  True
compress_method:  unet
percentage_train 0.3
train:  (1320, 8)
validation:  (825, 8)
matrix_product_state CPU
25.20111632347107 sec to evaluate kernels
tot time:  64.31274676322937 sec 

Precomputed kernel classification test score: 0.7745454545454545

Accuracy per class: [0.576 0.94 ] Mean Accuracy: 0.758
              precision    recall  f1-score   support

           0     0.8889    0.5760    0.6990       375
           1     0.7268    0.9400    0.8198       450

    accuracy                         0.7745       825
   macro avg     0.8078    0.7580    0.7594       825
weighted avg     0.8005    0.7745    0.7649       825

Results write sucessfully to ../../../Data/aditucci/Output_percentage_data/unet/fidelity/N_8/
