

#############################################################################

n_qubits and features:  4
num bands:  3 bands:  [3, 2, 1]
classes:  ['River', 'SeaLake']
kernel type:  fidelity
ZZ repetitions:  2
ent_type:  linear
compute entropy: False
mps simulation:  True
compress_method:  unet
percentage_train 1.0
train:  (4400, 4)
validation:  (825, 4)
matrix_product_state CPU
79.71073389053345 sec to evaluate kernels
tot time:  174.0609645843506 sec 

Precomputed kernel classification test score: 0.8254545454545454

Accuracy per class: [0.68533333 0.94222222] Mean Accuracy: 0.8137777777777777
              precision    recall  f1-score   support

           0     0.9081    0.6853    0.7812       375
           1     0.7823    0.9422    0.8548       450

    accuracy                         0.8255       825
   macro avg     0.8452    0.8138    0.8180       825
weighted avg     0.8395    0.8255    0.8213       825

Results write sucessfully to ../../../Data/aditucci/Output_percentage_data/unet/fidelity/N_4/
