

#############################################################################

n_qubits and features:  12
num bands:  3 bands:  [3, 2, 1]
classes:  ['River', 'SeaLake']
kernel type:  fidelity
ZZ repetitions:  2
ent_type:  linear
compute entropy: False
mps simulation:  True
compress_method:  unet
percentage_train 0.05
train:  (220, 12)
validation:  (825, 12)
matrix_product_state CPU
6.437166452407837 sec to evaluate kernels
tot time:  30.700820207595825 sec 

Precomputed kernel classification test score: 0.7369696969696969

Accuracy per class: [0.512      0.92444444] Mean Accuracy: 0.7182222222222222
              precision    recall  f1-score   support

           0     0.8496    0.5120    0.6389       375
           1     0.6945    0.9244    0.7931       450

    accuracy                         0.7370       825
   macro avg     0.7720    0.7182    0.7160       825
weighted avg     0.7650    0.7370    0.7230       825

Results write sucessfully to ../../../Data/aditucci/Output_percentage_data/unet/fidelity/N_12/
