

#############################################################################

n_qubits and features:  16
num bands:  3 bands:  [3, 2, 1]
classes:  ['River', 'SeaLake']
kernel type:  fidelity
ZZ repetitions:  2
ent_type:  linear
compute entropy: False
mps simulation:  True
compress_method:  unet
percentage_train 0.3
train:  (1320, 16)
validation:  (825, 16)
matrix_product_state CPU
50.4733943939209 sec to evaluate kernels
tot time:  128.94263792037964 sec 

Precomputed kernel classification test score: 0.8242424242424242

Accuracy per class: [0.87733333 0.78      ] Mean Accuracy: 0.8286666666666667
              precision    recall  f1-score   support

           0     0.7687    0.8773    0.8194       375
           1     0.8841    0.7800    0.8288       450

    accuracy                         0.8242       825
   macro avg     0.8264    0.8287    0.8241       825
weighted avg     0.8317    0.8242    0.8245       825

Results write sucessfully to ../../../Data/aditucci/Output_percentage_data/unet/fidelity/N_16/
