

#############################################################################

n_qubits and features:  8
num bands:  3 bands:  [3, 2, 1]
classes:  ['River', 'SeaLake']
kernel type:  fidelity
ZZ repetitions:  1
ent_type:  linear
compute entropy: False
mps simulation:  True
compress_method:  unet
percentage_train 0.01
train:  (44, 8)
validation:  (825, 8)
matrix_product_state CPU
2.2709667682647705 sec to evaluate kernels
tot time:  18.035167932510376 sec 

Precomputed kernel classification test score: 0.7442424242424243

Accuracy per class: [0.78666667 0.70888889] Mean Accuracy: 0.7477777777777778
              precision    recall  f1-score   support

           0     0.6925    0.7867    0.7366       375
           1     0.7995    0.7089    0.7515       450

    accuracy                         0.7442       825
   macro avg     0.7460    0.7478    0.7440       825
weighted avg     0.7509    0.7442    0.7447       825

Results write sucessfully to ../../../Data/aditucci/Output_percentage_data/unet/fidelity/N_8/
