

#############################################################################

n_qubits and features:  8
num bands:  3 bands:  [3, 2, 1]
classes:  ['River', 'SeaLake']
kernel type:  fidelity
ZZ repetitions:  2
ent_type:  linear
compute entropy: False
mps simulation:  True
compress_method:  unet
percentage_train 0.01
train:  (44, 8)
validation:  (825, 8)
matrix_product_state CPU
2.9166905879974365 sec to evaluate kernels
tot time:  20.96946954727173 sec 

Precomputed kernel classification test score: 0.743030303030303

Accuracy per class: [0.69866667 0.78      ] Mean Accuracy: 0.7393333333333334
              precision    recall  f1-score   support

           0     0.7258    0.6987    0.7120       375
           1     0.7565    0.7800    0.7681       450

    accuracy                         0.7430       825
   macro avg     0.7411    0.7393    0.7400       825
weighted avg     0.7425    0.7430    0.7426       825

Results write sucessfully to ../../../Data/aditucci/Output_percentage_data/unet/fidelity/N_8/
