

#############################################################################

n_qubits and features:  8
num bands:  3 bands:  [3, 2, 1]
classes:  ['River', 'SeaLake']
kernel type:  fidelity
ZZ repetitions:  2
ent_type:  full
compute entropy: False
mps simulation:  True
compress_method:  unet
percentage_train 0.05
train:  (220, 8)
validation:  (825, 8)
matrix_product_state CPU
7.312448978424072 sec to evaluate kernels
tot time:  36.22029113769531 sec 

Precomputed kernel classification test score: 0.7393939393939394

Accuracy per class: [0.69333333 0.77777778] Mean Accuracy: 0.7355555555555555
              precision    recall  f1-score   support

           0     0.7222    0.6933    0.7075       375
           1     0.7527    0.7778    0.7650       450

    accuracy                         0.7394       825
   macro avg     0.7375    0.7356    0.7363       825
weighted avg     0.7388    0.7394    0.7389       825

Results write sucessfully to ../../../Data/aditucci/Output_percentage_data/unet/fidelity/N_8/
