

#############################################################################

n_qubits and features:  12
num bands:  3 bands:  [3, 2, 1]
classes:  ['River', 'SeaLake']
kernel type:  fidelity
ZZ repetitions:  1
ent_type:  linear
compute entropy: False
mps simulation:  True
compress_method:  unet
percentage_train 0.01
train:  (44, 12)
validation:  (825, 12)
matrix_product_state CPU
2.2542645931243896 sec to evaluate kernels
tot time:  19.464832067489624 sec 

Precomputed kernel classification test score: 0.743030303030303

Accuracy per class: [0.544      0.90888889] Mean Accuracy: 0.7264444444444444
              precision    recall  f1-score   support

           0     0.8327    0.5440    0.6581       375
           1     0.7052    0.9089    0.7942       450

    accuracy                         0.7430       825
   macro avg     0.7689    0.7264    0.7261       825
weighted avg     0.7631    0.7430    0.7323       825

Results write sucessfully to ../../../Data/aditucci/Output_percentage_data/unet/fidelity/N_12/
