

#############################################################################

n_qubits and features:  12
num bands:  3 bands:  [3, 2, 1]
classes:  ['River', 'SeaLake']
kernel type:  fidelity
ZZ repetitions:  2
ent_type:  full
compute entropy: False
mps simulation:  True
compress_method:  unet
percentage_train 0.01
train:  (44, 12)
validation:  (825, 12)
matrix_product_state CPU
7.0186543464660645 sec to evaluate kernels
tot time:  118.43899607658386 sec 

Precomputed kernel classification test score: 0.7454545454545455

Accuracy per class: [0.54933333 0.90888889] Mean Accuracy: 0.729111111111111
              precision    recall  f1-score   support

           0     0.8340    0.5493    0.6624       375
           1     0.7076    0.9089    0.7957       450

    accuracy                         0.7455       825
   macro avg     0.7708    0.7291    0.7290       825
weighted avg     0.7651    0.7455    0.7351       825

Results write sucessfully to ../../../Data/aditucci/Output_percentage_data/unet/fidelity/N_12/
